Generated at 2023-07-28 22:12:55 +0000
Net::HTTPServerException: 412 "Precondition Failed"
/opt/chef-workstation/embedded/lib/ruby/3.0.0/net/http/response.rb:124:in `error!'
/opt/chef-workstation/embedded/lib/ruby/gems/3.0.0/gems/chef-17.6.18/lib/chef/http.rb:158:in `request'
/opt/chef-workstation/embedded/lib/ruby/gems/3.0.0/gems/chef-17.6.18/lib/chef/http.rb:137:in `post'
/opt/chef-workstation/embedded/lib/ruby/gems/3.0.0/gems/chef-17.6.18/lib/chef/policy_builder/expand_node_object.rb:186:in `sync_cookbooks'
/opt/chef-workstation/embedded/lib/ruby/gems/3.0.0/gems/chef-17.6.18/lib/chef/policy_builder/expand_node_object.rb:89:in `setup_run_context'
/opt/chef-workstation/embedded/lib/ruby/3.0.0/forwardable.rb:238:in `setup_run_context'
/opt/chef-workstation/embedded/lib/ruby/gems/3.0.0/gems/chef-17.6.18/lib/chef/client.rb:495:in `setup_run_context'
/opt/chef-workstation/embedded/lib/ruby/gems/3.0.0/gems/chef-17.6.18/lib/chef/client.rb:281:in `run'
/opt/chef-workstation/embedded/lib/ruby/gems/3.0.0/gems/chef-17.6.18/lib/chef/application.rb:305:in `run_with_graceful_exit_option'
/opt/chef-workstation/embedded/lib/ruby/gems/3.0.0/gems/chef-17.6.18/lib/chef/application.rb:281:in `block in run_chef_client'
/opt/chef-workstation/embedded/lib/ruby/gems/3.0.0/gems/chef-17.6.18/lib/chef/local_mode.rb:42:in `with_server_connectivity'
/opt/chef-workstation/embedded/lib/ruby/gems/3.0.0/gems/chef-17.6.18/lib/chef/application.rb:264:in `run_chef_client'
/opt/chef-workstation/embedded/lib/ruby/gems/3.0.0/gems/chef-17.6.18/lib/chef/application/base.rb:352:in `run_application'
/opt/chef-workstation/embedded/lib/ruby/gems/3.0.0/gems/chef-17.6.18/lib/chef/application.rb:67:in `run'
/opt/chef-workstation/embedded/lib/ruby/gems/3.0.0/gems/chef-17.6.18/lib/chef/application/solo.rb:60:in `run'
/opt/chef-workstation/embedded/lib/ruby/gems/3.0.0/gems/chef-bin-17.6.18/bin/chef-solo:24:in `<top (required)>'
/usr/bin/chef-solo:376:in `load'
/usr/bin/chef-solo:376:in `<main>'