Generated at 2023-09-24 11:58:25 -0600
Mixlib::ShellOut::ShellCommandFailed: apt_package[squid] (squid::default line 31) had an error: Mixlib::ShellOut::ShellCommandFailed: Expected process to exit with [0], but received '100'
---- Begin output of ["apt-get", "-q", "-y", "--allow-downgrades", "-o", "Dpkg::Options::=--force-confdef", "-o", "Dpkg::Options::=--force-confold", "install", "squid=5.7-0ubuntu0.22.04.1"] ----
STDOUT: 
STDERR: E: Could not open lock file /var/lib/dpkg/lock-frontend - open (13: Permission denied)
E: Unable to acquire the dpkg frontend lock (/var/lib/dpkg/lock-frontend), are you root?
---- End output of ["apt-get", "-q", "-y", "--allow-downgrades", "-o", "Dpkg::Options::=--force-confdef", "-o", "Dpkg::Options::=--force-confold", "install", "squid=5.7-0ubuntu0.22.04.1"] ----
Ran ["apt-get", "-q", "-y", "--allow-downgrades", "-o", "Dpkg::Options::=--force-confdef", "-o", "Dpkg::Options::=--force-confold", "install", "squid=5.7-0ubuntu0.22.04.1"] returned 100
/opt/chef-workstation/embedded/lib/ruby/gems/3.0.0/gems/mixlib-shellout-3.2.7/lib/mixlib/shellout.rb:300:in `invalid!'
/opt/chef-workstation/embedded/lib/ruby/gems/3.0.0/gems/mixlib-shellout-3.2.7/lib/mixlib/shellout.rb:287:in `error!'
/opt/chef-workstation/embedded/lib/ruby/gems/3.0.0/gems/mixlib-shellout-3.2.7/lib/mixlib/shellout/helper.rb:130:in `shell_out_compacted!'
/opt/chef-workstation/embedded/lib/ruby/gems/3.0.0/gems/mixlib-shellout-3.2.7/lib/mixlib/shellout/helper.rb:54:in `shell_out!'
/opt/chef-workstation/embedded/lib/ruby/gems/3.0.0/gems/chef-17.10.0/lib/chef/provider/package/deb.rb:114:in `run_noninteractive'
/opt/chef-workstation/embedded/lib/ruby/gems/3.0.0/gems/chef-17.10.0/lib/chef/provider/package/apt.rb:96:in `install_package'
/opt/chef-workstation/embedded/lib/ruby/gems/3.0.0/gems/chef-17.10.0/lib/chef/provider/package.rb:120:in `block (3 levels) in <class:Package>'
/opt/chef-workstation/embedded/lib/ruby/gems/3.0.0/gems/chef-17.10.0/lib/chef/provider/package.rb:267:in `multipackage_api_adapter'
/opt/chef-workstation/embedded/lib/ruby/gems/3.0.0/gems/chef-17.10.0/lib/chef/provider/package.rb:119:in `block (2 levels) in <class:Package>'
/opt/chef-workstation/embedded/lib/ruby/gems/3.0.0/gems/chef-17.10.0/lib/chef/mixin/why_run.rb:51:in `add_action'
/opt/chef-workstation/embedded/lib/ruby/gems/3.0.0/gems/chef-17.10.0/lib/chef/provider.rb:293:in `converge_by'
/opt/chef-workstation/embedded/lib/ruby/gems/3.0.0/gems/chef-17.10.0/lib/chef/provider/package.rb:118:in `block in <class:Package>'
(eval):2:in `block in action_install'
/opt/chef-workstation/embedded/lib/ruby/gems/3.0.0/gems/chef-17.10.0/lib/chef/provider.rb:304:in `instance_eval'
/opt/chef-workstation/embedded/lib/ruby/gems/3.0.0/gems/chef-17.10.0/lib/chef/provider.rb:304:in `compile_and_converge_action'
(eval):2:in `action_install'
/opt/chef-workstation/embedded/lib/ruby/gems/3.0.0/gems/chef-17.10.0/lib/chef/provider.rb:245:in `run_action'
/opt/chef-workstation/embedded/lib/ruby/gems/3.0.0/gems/chef-17.10.0/lib/chef/resource.rb:601:in `block in run_action'
/opt/chef-workstation/embedded/lib/ruby/gems/3.0.0/gems/chef-17.10.0/lib/chef/resource.rb:628:in `with_umask'
/opt/chef-workstation/embedded/lib/ruby/gems/3.0.0/gems/chef-17.10.0/lib/chef/resource.rb:600:in `run_action'
/opt/chef-workstation/embedded/lib/ruby/gems/3.0.0/gems/chef-17.10.0/lib/chef/runner.rb:74:in `run_action'
/opt/chef-workstation/embedded/lib/ruby/gems/3.0.0/gems/chef-17.10.0/lib/chef/runner.rb:108:in `block in run_all_actions'
/opt/chef-workstation/embedded/lib/ruby/gems/3.0.0/gems/chef-17.10.0/lib/chef/runner.rb:108:in `each'
/opt/chef-workstation/embedded/lib/ruby/gems/3.0.0/gems/chef-17.10.0/lib/chef/runner.rb:108:in `run_all_actions'
/opt/chef-workstation/embedded/lib/ruby/gems/3.0.0/gems/chef-17.10.0/lib/chef/runner.rb:132:in `block in converge'
/opt/chef-workstation/embedded/lib/ruby/gems/3.0.0/gems/chef-17.10.0/lib/chef/resource_collection/resource_list.rb:96:in `block in execute_each_resource'
/opt/chef-workstation/embedded/lib/ruby/gems/3.0.0/gems/chef-17.10.0/lib/chef/resource_collection/stepable_iterator.rb:114:in `call_iterator_block'
/opt/chef-workstation/embedded/lib/ruby/gems/3.0.0/gems/chef-17.10.0/lib/chef/resource_collection/stepable_iterator.rb:85:in `step'
/opt/chef-workstation/embedded/lib/ruby/gems/3.0.0/gems/chef-17.10.0/lib/chef/resource_collection/stepable_iterator.rb:103:in `iterate'
/opt/chef-workstation/embedded/lib/ruby/gems/3.0.0/gems/chef-17.10.0/lib/chef/resource_collection/stepable_iterator.rb:54:in `each_with_index'
/opt/chef-workstation/embedded/lib/ruby/gems/3.0.0/gems/chef-17.10.0/lib/chef/resource_collection/resource_list.rb:94:in `execute_each_resource'
/opt/chef-workstation/embedded/lib/ruby/3.0.0/forwardable.rb:238:in `execute_each_resource'
/opt/chef-workstation/embedded/lib/ruby/gems/3.0.0/gems/chef-17.10.0/lib/chef/runner.rb:130:in `converge'
/opt/chef-workstation/embedded/lib/ruby/gems/3.0.0/gems/chef-17.10.0/lib/chef/client.rb:686:in `block in converge'
/opt/chef-workstation/embedded/lib/ruby/gems/3.0.0/gems/chef-17.10.0/lib/chef/client.rb:681:in `catch'
/opt/chef-workstation/embedded/lib/ruby/gems/3.0.0/gems/chef-17.10.0/lib/chef/client.rb:681:in `converge'
/opt/chef-workstation/embedded/lib/ruby/gems/3.0.0/gems/chef-17.10.0/lib/chef/client.rb:705:in `converge_and_save'
/opt/chef-workstation/embedded/lib/ruby/gems/3.0.0/gems/chef-17.10.0/lib/chef/client.rb:285:in `run'
/opt/chef-workstation/embedded/lib/ruby/gems/3.0.0/gems/chef-17.10.0/lib/chef/application.rb:305:in `run_with_graceful_exit_option'
/opt/chef-workstation/embedded/lib/ruby/gems/3.0.0/gems/chef-17.10.0/lib/chef/application.rb:281:in `block in run_chef_client'
/opt/chef-workstation/embedded/lib/ruby/gems/3.0.0/gems/chef-17.10.0/lib/chef/local_mode.rb:42:in `with_server_connectivity'
/opt/chef-workstation/embedded/lib/ruby/gems/3.0.0/gems/chef-17.10.0/lib/chef/application.rb:264:in `run_chef_client'
/opt/chef-workstation/embedded/lib/ruby/gems/3.0.0/gems/chef-17.10.0/lib/chef/application/base.rb:352:in `run_application'
/opt/chef-workstation/embedded/lib/ruby/gems/3.0.0/gems/chef-17.10.0/lib/chef/application.rb:67:in `run'
/opt/chef-workstation/embedded/lib/ruby/gems/3.0.0/gems/chef-17.10.0/lib/chef/application/solo.rb:60:in `run'
/opt/chef-workstation/embedded/lib/ruby/gems/3.0.0/gems/chef-bin-17.10.0/bin/chef-solo:24:in `<top (required)>'
/usr/bin/chef-solo:389:in `load'
/usr/bin/chef-solo:389:in `<main>'