Generated at 2023-08-13 07:47:03 -0600
Chef::Exceptions::InsufficientPermissions: apache2_install[default] (test::basic_site line 1) had an error: Chef::Exceptions::InsufficientPermissions: directory[/etc/apache2] (/home/redes/2023-02-2016012024-IC7602/Proyecto0/chef-repo-public/cookbooks/apache2/resources/install.rb line 151) had an error: Chef::Exceptions::InsufficientPermissions: Cannot create directory[/etc/apache2] at /etc/apache2 due to insufficient permissions
/opt/chef-workstation/embedded/lib/ruby/gems/3.0.0/gems/chef-17.6.18/lib/chef/mixin/why_run.rb:238:in `run'
/opt/chef-workstation/embedded/lib/ruby/gems/3.0.0/gems/chef-17.6.18/lib/chef/mixin/why_run.rb:316:in `block in run'
/opt/chef-workstation/embedded/lib/ruby/gems/3.0.0/gems/chef-17.6.18/lib/chef/mixin/why_run.rb:315:in `each'
/opt/chef-workstation/embedded/lib/ruby/gems/3.0.0/gems/chef-17.6.18/lib/chef/mixin/why_run.rb:315:in `run'
/opt/chef-workstation/embedded/lib/ruby/gems/3.0.0/gems/chef-17.6.18/lib/chef/provider.rb:255:in `process_resource_requirements'
/opt/chef-workstation/embedded/lib/ruby/gems/3.0.0/gems/chef-17.6.18/lib/chef/provider.rb:230:in `run_action'
/opt/chef-workstation/embedded/lib/ruby/gems/3.0.0/gems/chef-17.6.18/lib/chef/resource.rb:600:in `block in run_action'
/opt/chef-workstation/embedded/lib/ruby/gems/3.0.0/gems/chef-17.6.18/lib/chef/resource.rb:627:in `with_umask'
/opt/chef-workstation/embedded/lib/ruby/gems/3.0.0/gems/chef-17.6.18/lib/chef/resource.rb:599:in `run_action'
/opt/chef-workstation/embedded/lib/ruby/gems/3.0.0/gems/chef-17.6.18/lib/chef/runner.rb:74:in `run_action'
/opt/chef-workstation/embedded/lib/ruby/gems/3.0.0/gems/chef-17.6.18/lib/chef/runner.rb:108:in `block in run_all_actions'
/opt/chef-workstation/embedded/lib/ruby/gems/3.0.0/gems/chef-17.6.18/lib/chef/runner.rb:108:in `each'
/opt/chef-workstation/embedded/lib/ruby/gems/3.0.0/gems/chef-17.6.18/lib/chef/runner.rb:108:in `run_all_actions'
/opt/chef-workstation/embedded/lib/ruby/gems/3.0.0/gems/chef-17.6.18/lib/chef/resource_collection.rb:64:in `insert'
/opt/chef-workstation/embedded/lib/ruby/gems/3.0.0/gems/chef-17.6.18/lib/chef/dsl/declare_resource.rb:267:in `declare_resource'
/opt/chef-workstation/embedded/lib/ruby/gems/3.0.0/gems/chef-17.6.18/lib/chef/dsl/resources.rb:36:in `directory'
/home/redes/2023-02-2016012024-IC7602/Proyecto0/chef-repo-public/cookbooks/apache2/resources/install.rb:151:in `block in class_from_file'
(eval):2:in `block in action_install'
/opt/chef-workstation/embedded/lib/ruby/gems/3.0.0/gems/chef-17.6.18/lib/chef/provider.rb:301:in `instance_eval'
/opt/chef-workstation/embedded/lib/ruby/gems/3.0.0/gems/chef-17.6.18/lib/chef/provider.rb:301:in `compile_and_converge_action'
(eval):2:in `action_install'
/opt/chef-workstation/embedded/lib/ruby/gems/3.0.0/gems/chef-17.6.18/lib/chef/provider.rb:242:in `run_action'
/opt/chef-workstation/embedded/lib/ruby/gems/3.0.0/gems/chef-17.6.18/lib/chef/resource.rb:600:in `block in run_action'
/opt/chef-workstation/embedded/lib/ruby/gems/3.0.0/gems/chef-17.6.18/lib/chef/resource.rb:627:in `with_umask'
/opt/chef-workstation/embedded/lib/ruby/gems/3.0.0/gems/chef-17.6.18/lib/chef/resource.rb:599:in `run_action'
/opt/chef-workstation/embedded/lib/ruby/gems/3.0.0/gems/chef-17.6.18/lib/chef/runner.rb:74:in `run_action'
/opt/chef-workstation/embedded/lib/ruby/gems/3.0.0/gems/chef-17.6.18/lib/chef/runner.rb:108:in `block in run_all_actions'
/opt/chef-workstation/embedded/lib/ruby/gems/3.0.0/gems/chef-17.6.18/lib/chef/runner.rb:108:in `each'
/opt/chef-workstation/embedded/lib/ruby/gems/3.0.0/gems/chef-17.6.18/lib/chef/runner.rb:108:in `run_all_actions'
/opt/chef-workstation/embedded/lib/ruby/gems/3.0.0/gems/chef-17.6.18/lib/chef/runner.rb:132:in `block in converge'
/opt/chef-workstation/embedded/lib/ruby/gems/3.0.0/gems/chef-17.6.18/lib/chef/resource_collection/resource_list.rb:96:in `block in execute_each_resource'
/opt/chef-workstation/embedded/lib/ruby/gems/3.0.0/gems/chef-17.6.18/lib/chef/resource_collection/stepable_iterator.rb:114:in `call_iterator_block'
/opt/chef-workstation/embedded/lib/ruby/gems/3.0.0/gems/chef-17.6.18/lib/chef/resource_collection/stepable_iterator.rb:85:in `step'
/opt/chef-workstation/embedded/lib/ruby/gems/3.0.0/gems/chef-17.6.18/lib/chef/resource_collection/stepable_iterator.rb:103:in `iterate'
/opt/chef-workstation/embedded/lib/ruby/gems/3.0.0/gems/chef-17.6.18/lib/chef/resource_collection/stepable_iterator.rb:54:in `each_with_index'
/opt/chef-workstation/embedded/lib/ruby/gems/3.0.0/gems/chef-17.6.18/lib/chef/resource_collection/resource_list.rb:94:in `execute_each_resource'
/opt/chef-workstation/embedded/lib/ruby/3.0.0/forwardable.rb:238:in `execute_each_resource'
/opt/chef-workstation/embedded/lib/ruby/gems/3.0.0/gems/chef-17.6.18/lib/chef/runner.rb:130:in `converge'
/opt/chef-workstation/embedded/lib/ruby/gems/3.0.0/gems/chef-17.6.18/lib/chef/client.rb:686:in `block in converge'
/opt/chef-workstation/embedded/lib/ruby/gems/3.0.0/gems/chef-17.6.18/lib/chef/client.rb:681:in `catch'
/opt/chef-workstation/embedded/lib/ruby/gems/3.0.0/gems/chef-17.6.18/lib/chef/client.rb:681:in `converge'
/opt/chef-workstation/embedded/lib/ruby/gems/3.0.0/gems/chef-17.6.18/lib/chef/client.rb:705:in `converge_and_save'
/opt/chef-workstation/embedded/lib/ruby/gems/3.0.0/gems/chef-17.6.18/lib/chef/client.rb:285:in `run'
/opt/chef-workstation/embedded/lib/ruby/gems/3.0.0/gems/chef-17.6.18/lib/chef/application.rb:305:in `run_with_graceful_exit_option'
/opt/chef-workstation/embedded/lib/ruby/gems/3.0.0/gems/chef-17.6.18/lib/chef/application.rb:281:in `block in run_chef_client'
/opt/chef-workstation/embedded/lib/ruby/gems/3.0.0/gems/chef-17.6.18/lib/chef/local_mode.rb:42:in `with_server_connectivity'
/opt/chef-workstation/embedded/lib/ruby/gems/3.0.0/gems/chef-17.6.18/lib/chef/application.rb:264:in `run_chef_client'
/opt/chef-workstation/embedded/lib/ruby/gems/3.0.0/gems/chef-17.6.18/lib/chef/application/base.rb:352:in `run_application'
/opt/chef-workstation/embedded/lib/ruby/gems/3.0.0/gems/chef-17.6.18/lib/chef/application.rb:67:in `run'
/opt/chef-workstation/embedded/lib/ruby/gems/3.0.0/gems/chef-17.6.18/lib/chef/application/solo.rb:60:in `run'
/opt/chef-workstation/embedded/lib/ruby/gems/3.0.0/gems/chef-bin-17.6.18/bin/chef-solo:24:in `<top (required)>'
/usr/bin/chef-solo:376:in `load'
/usr/bin/chef-solo:376:in `<main>'

>>>> Caused by Chef::Exceptions::InsufficientPermissions: Cannot create directory[/etc/apache2] at /etc/apache2 due to insufficient permissions
/opt/chef-workstation/embedded/lib/ruby/gems/3.0.0/gems/chef-17.6.18/lib/chef/mixin/why_run.rb:238:in `run'
/opt/chef-workstation/embedded/lib/ruby/gems/3.0.0/gems/chef-17.6.18/lib/chef/mixin/why_run.rb:316:in `block in run'
/opt/chef-workstation/embedded/lib/ruby/gems/3.0.0/gems/chef-17.6.18/lib/chef/mixin/why_run.rb:315:in `each'
/opt/chef-workstation/embedded/lib/ruby/gems/3.0.0/gems/chef-17.6.18/lib/chef/mixin/why_run.rb:315:in `run'
/opt/chef-workstation/embedded/lib/ruby/gems/3.0.0/gems/chef-17.6.18/lib/chef/provider.rb:255:in `process_resource_requirements'
/opt/chef-workstation/embedded/lib/ruby/gems/3.0.0/gems/chef-17.6.18/lib/chef/provider.rb:230:in `run_action'
/opt/chef-workstation/embedded/lib/ruby/gems/3.0.0/gems/chef-17.6.18/lib/chef/resource.rb:600:in `block in run_action'
/opt/chef-workstation/embedded/lib/ruby/gems/3.0.0/gems/chef-17.6.18/lib/chef/resource.rb:627:in `with_umask'
/opt/chef-workstation/embedded/lib/ruby/gems/3.0.0/gems/chef-17.6.18/lib/chef/resource.rb:599:in `run_action'
/opt/chef-workstation/embedded/lib/ruby/gems/3.0.0/gems/chef-17.6.18/lib/chef/runner.rb:74:in `run_action'
/opt/chef-workstation/embedded/lib/ruby/gems/3.0.0/gems/chef-17.6.18/lib/chef/runner.rb:108:in `block in run_all_actions'
/opt/chef-workstation/embedded/lib/ruby/gems/3.0.0/gems/chef-17.6.18/lib/chef/runner.rb:108:in `each'
/opt/chef-workstation/embedded/lib/ruby/gems/3.0.0/gems/chef-17.6.18/lib/chef/runner.rb:108:in `run_all_actions'
/opt/chef-workstation/embedded/lib/ruby/gems/3.0.0/gems/chef-17.6.18/lib/chef/resource_collection.rb:64:in `insert'
/opt/chef-workstation/embedded/lib/ruby/gems/3.0.0/gems/chef-17.6.18/lib/chef/dsl/declare_resource.rb:267:in `declare_resource'
/opt/chef-workstation/embedded/lib/ruby/gems/3.0.0/gems/chef-17.6.18/lib/chef/dsl/resources.rb:36:in `directory'
/home/redes/2023-02-2016012024-IC7602/Proyecto0/chef-repo-public/cookbooks/apache2/resources/install.rb:151:in `block in class_from_file'
(eval):2:in `block in action_install'
/opt/chef-workstation/embedded/lib/ruby/gems/3.0.0/gems/chef-17.6.18/lib/chef/provider.rb:301:in `instance_eval'
/opt/chef-workstation/embedded/lib/ruby/gems/3.0.0/gems/chef-17.6.18/lib/chef/provider.rb:301:in `compile_and_converge_action'
(eval):2:in `action_install'
/opt/chef-workstation/embedded/lib/ruby/gems/3.0.0/gems/chef-17.6.18/lib/chef/provider.rb:242:in `run_action'
/opt/chef-workstation/embedded/lib/ruby/gems/3.0.0/gems/chef-17.6.18/lib/chef/resource.rb:600:in `block in run_action'
/opt/chef-workstation/embedded/lib/ruby/gems/3.0.0/gems/chef-17.6.18/lib/chef/resource.rb:627:in `with_umask'
/opt/chef-workstation/embedded/lib/ruby/gems/3.0.0/gems/chef-17.6.18/lib/chef/resource.rb:599:in `run_action'
/opt/chef-workstation/embedded/lib/ruby/gems/3.0.0/gems/chef-17.6.18/lib/chef/runner.rb:74:in `run_action'
/opt/chef-workstation/embedded/lib/ruby/gems/3.0.0/gems/chef-17.6.18/lib/chef/runner.rb:108:in `block in run_all_actions'
/opt/chef-workstation/embedded/lib/ruby/gems/3.0.0/gems/chef-17.6.18/lib/chef/runner.rb:108:in `each'
/opt/chef-workstation/embedded/lib/ruby/gems/3.0.0/gems/chef-17.6.18/lib/chef/runner.rb:108:in `run_all_actions'
/opt/chef-workstation/embedded/lib/ruby/gems/3.0.0/gems/chef-17.6.18/lib/chef/runner.rb:132:in `block in converge'
/opt/chef-workstation/embedded/lib/ruby/gems/3.0.0/gems/chef-17.6.18/lib/chef/resource_collection/resource_list.rb:96:in `block in execute_each_resource'
/opt/chef-workstation/embedded/lib/ruby/gems/3.0.0/gems/chef-17.6.18/lib/chef/resource_collection/stepable_iterator.rb:114:in `call_iterator_block'
/opt/chef-workstation/embedded/lib/ruby/gems/3.0.0/gems/chef-17.6.18/lib/chef/resource_collection/stepable_iterator.rb:85:in `step'
/opt/chef-workstation/embedded/lib/ruby/gems/3.0.0/gems/chef-17.6.18/lib/chef/resource_collection/stepable_iterator.rb:103:in `iterate'
/opt/chef-workstation/embedded/lib/ruby/gems/3.0.0/gems/chef-17.6.18/lib/chef/resource_collection/stepable_iterator.rb:54:in `each_with_index'
/opt/chef-workstation/embedded/lib/ruby/gems/3.0.0/gems/chef-17.6.18/lib/chef/resource_collection/resource_list.rb:94:in `execute_each_resource'
/opt/chef-workstation/embedded/lib/ruby/3.0.0/forwardable.rb:238:in `execute_each_resource'
/opt/chef-workstation/embedded/lib/ruby/gems/3.0.0/gems/chef-17.6.18/lib/chef/runner.rb:130:in `converge'
/opt/chef-workstation/embedded/lib/ruby/gems/3.0.0/gems/chef-17.6.18/lib/chef/client.rb:686:in `block in converge'
/opt/chef-workstation/embedded/lib/ruby/gems/3.0.0/gems/chef-17.6.18/lib/chef/client.rb:681:in `catch'
/opt/chef-workstation/embedded/lib/ruby/gems/3.0.0/gems/chef-17.6.18/lib/chef/client.rb:681:in `converge'
/opt/chef-workstation/embedded/lib/ruby/gems/3.0.0/gems/chef-17.6.18/lib/chef/client.rb:705:in `converge_and_save'
/opt/chef-workstation/embedded/lib/ruby/gems/3.0.0/gems/chef-17.6.18/lib/chef/client.rb:285:in `run'
/opt/chef-workstation/embedded/lib/ruby/gems/3.0.0/gems/chef-17.6.18/lib/chef/application.rb:305:in `run_with_graceful_exit_option'
/opt/chef-workstation/embedded/lib/ruby/gems/3.0.0/gems/chef-17.6.18/lib/chef/application.rb:281:in `block in run_chef_client'
/opt/chef-workstation/embedded/lib/ruby/gems/3.0.0/gems/chef-17.6.18/lib/chef/local_mode.rb:42:in `with_server_connectivity'
/opt/chef-workstation/embedded/lib/ruby/gems/3.0.0/gems/chef-17.6.18/lib/chef/application.rb:264:in `run_chef_client'
/opt/chef-workstation/embedded/lib/ruby/gems/3.0.0/gems/chef-17.6.18/lib/chef/application/base.rb:352:in `run_application'
/opt/chef-workstation/embedded/lib/ruby/gems/3.0.0/gems/chef-17.6.18/lib/chef/application.rb:67:in `run'
/opt/chef-workstation/embedded/lib/ruby/gems/3.0.0/gems/chef-17.6.18/lib/chef/application/solo.rb:60:in `run'
/opt/chef-workstation/embedded/lib/ruby/gems/3.0.0/gems/chef-bin-17.6.18/bin/chef-solo:24:in `<top (required)>'
/usr/bin/chef-solo:376:in `load'
/usr/bin/chef-solo:376:in `<main>'